[debug] [2024-11-24T13:47:26.088Z] ----------------------------------------------------------------------
[debug] [2024-11-24T13:47:26.090Z] Command:       C:\Program Files\nodejs\node.exe C:\Users\ACER\AppData\Roaming\npm\node_modules\firebase-tools\lib\bin\firebase.js init
[debug] [2024-11-24T13:47:26.090Z] CLI Version:   13.27.0
[debug] [2024-11-24T13:47:26.091Z] Platform:      win32
[debug] [2024-11-24T13:47:26.091Z] Node Version:  v20.17.0
[debug] [2024-11-24T13:47:26.091Z] Time:          Sun Nov 24 2024 21:47:26 GMT+0800 (Philippine Standard Time)
[debug] [2024-11-24T13:47:26.091Z] ----------------------------------------------------------------------
[debug] 
[debug] [2024-11-24T13:47:26.098Z] > command requires scopes: ["email","openid","https://www.googleapis.com/auth/cloudplatformprojects.readonly","https://www.googleapis.com/auth/firebase","https://www.googleapis.com/auth/cloud-platform"]
[debug] [2024-11-24T13:47:26.098Z] > authorizing via signed-in user (universitywideminus@gmail.com)
[info] 
     ######## #### ########  ######## ########     ###     ######  ########
     ##        ##  ##     ## ##       ##     ##  ##   ##  ##       ##
     ######    ##  ########  ######   ########  #########  ######  ######
     ##        ##  ##    ##  ##       ##     ## ##     ##       ## ##
     ##       #### ##     ## ######## ########  ##     ##  ######  ########

You're about to initialize a Firebase project in this directory:

  C:\Users\ACER\Documents\GitHub\University_wide_CMS\onlineForms

[info] 
=== Project Setup
[info] 
[info] First, let's associate this project directory with a Firebase project.
[info] You can create multiple project aliases by running firebase use --add, 
[info] but for now we'll just set up a default project.
[info] 
[debug] [2024-11-24T13:48:40.421Z] Checked if tokens are valid: true, expires at: 1732459545037
[debug] [2024-11-24T13:48:40.421Z] Checked if tokens are valid: true, expires at: 1732459545037
[debug] [2024-11-24T13:48:40.423Z] >>> [apiv2][query] GET https://firebase.googleapis.com/v1beta1/projects pageSize=100
[debug] [2024-11-24T13:48:40.997Z] <<< [apiv2][status] GET https://firebase.googleapis.com/v1beta1/projects 200
[debug] [2024-11-24T13:48:40.997Z] <<< [apiv2][body] GET https://firebase.googleapis.com/v1beta1/projects [omitted]
[info] i  Using project universitycms-2350d (UniversityCMS) 
[info] 
=== Firestore Setup
[debug] [2024-11-24T13:48:43.410Z] Checked if tokens are valid: true, expires at: 1732459545037
[debug] [2024-11-24T13:48:43.410Z] Checked if tokens are valid: true, expires at: 1732459545037
[debug] [2024-11-24T13:48:43.410Z] >>> [apiv2][query] GET https://serviceusage.googleapis.com/v1/projects/universitycms-2350d/services/firestore.googleapis.com [none]
[debug] [2024-11-24T13:48:43.410Z] >>> [apiv2][(partial)header] GET https://serviceusage.googleapis.com/v1/projects/universitycms-2350d/services/firestore.googleapis.com x-goog-quota-user=projects/universitycms-2350d
[debug] [2024-11-24T13:48:44.661Z] <<< [apiv2][status] GET https://serviceusage.googleapis.com/v1/projects/universitycms-2350d/services/firestore.googleapis.com 200
[debug] [2024-11-24T13:48:44.661Z] <<< [apiv2][body] GET https://serviceusage.googleapis.com/v1/projects/universitycms-2350d/services/firestore.googleapis.com [omitted]
[debug] [2024-11-24T13:48:44.661Z] Checked if tokens are valid: true, expires at: 1732459545037
[debug] [2024-11-24T13:48:44.662Z] Checked if tokens are valid: true, expires at: 1732459545037
[debug] [2024-11-24T13:48:44.662Z] >>> [apiv2][query] GET https://firestore.googleapis.com/v1/projects/universitycms-2350d/databases/(default) [none]
[debug] [2024-11-24T13:48:44.985Z] <<< [apiv2][status] GET https://firestore.googleapis.com/v1/projects/universitycms-2350d/databases/(default) 200
[debug] [2024-11-24T13:48:44.986Z] <<< [apiv2][body] GET https://firestore.googleapis.com/v1/projects/universitycms-2350d/databases/(default) {"name":"projects/universitycms-2350d/databases/(default)","uid":"624b579b-57b1-4575-add9-89c6f615adf6","createTime":"2024-11-24T05:06:27.345585Z","updateTime":"2024-11-24T05:06:27.345585Z","locationId":"asia-southeast1","type":"FIRESTORE_NATIVE","concurrencyMode":"PESSIMISTIC","versionRetentionPeriod":"3600s","earliestVersionTime":"2024-11-24T12:48:44.947832Z","appEngineIntegrationMode":"DISABLED","keyPrefix":"zas","pointInTimeRecoveryEnablement":"POINT_IN_TIME_RECOVERY_DISABLED","deleteProtectionState":"DELETE_PROTECTION_DISABLED","etag":"IPu0qv+N9YkDMLSGy7qi9IkD"}
[debug] [2024-11-24T13:48:44.986Z] database_type: FIRESTORE_NATIVE
[debug] [2024-11-24T13:48:44.986Z] database_type: FIRESTORE_NATIVE
[debug] [2024-11-24T13:48:44.986Z] > command requires scopes: ["email","openid","https://www.googleapis.com/auth/cloudplatformprojects.readonly","https://www.googleapis.com/auth/firebase","https://www.googleapis.com/auth/cloud-platform"]
[debug] [2024-11-24T13:48:44.986Z] > authorizing via signed-in user (universitywideminus@gmail.com)
[debug] [2024-11-24T13:48:44.986Z] [iam] checking project universitycms-2350d for permissions ["firebase.projects.get"]
[debug] [2024-11-24T13:48:44.986Z] Checked if tokens are valid: true, expires at: 1732459545037
[debug] [2024-11-24T13:48:44.986Z] Checked if tokens are valid: true, expires at: 1732459545037
[debug] [2024-11-24T13:48:44.987Z] >>> [apiv2][query] POST https://cloudresourcemanager.googleapis.com/v1/projects/universitycms-2350d:testIamPermissions [none]
[debug] [2024-11-24T13:48:44.987Z] >>> [apiv2][(partial)header] POST https://cloudresourcemanager.googleapis.com/v1/projects/universitycms-2350d:testIamPermissions x-goog-quota-user=projects/universitycms-2350d
[debug] [2024-11-24T13:48:44.987Z] >>> [apiv2][body] POST https://cloudresourcemanager.googleapis.com/v1/projects/universitycms-2350d:testIamPermissions {"permissions":["firebase.projects.get"]}
[debug] [2024-11-24T13:48:45.864Z] <<< [apiv2][status] POST https://cloudresourcemanager.googleapis.com/v1/projects/universitycms-2350d:testIamPermissions 200
[debug] [2024-11-24T13:48:45.864Z] <<< [apiv2][body] POST https://cloudresourcemanager.googleapis.com/v1/projects/universitycms-2350d:testIamPermissions {"permissions":["firebase.projects.get"]}
[info] 
[info] Firestore Security Rules allow you to define how and when to allow
[info] requests. You can keep these rules in your project directory
[info] and publish them with firebase deploy.
[info] 
[debug] [2024-11-24T13:49:00.531Z] Checked if tokens are valid: true, expires at: 1732459545037
[debug] [2024-11-24T13:49:00.531Z] Checked if tokens are valid: true, expires at: 1732459545037
[debug] [2024-11-24T13:49:00.531Z] >>> [apiv2][query] GET https://firebaserules.googleapis.com/v1/projects/universitycms-2350d/releases pageSize=10&pageToken=
[debug] [2024-11-24T13:49:01.654Z] <<< [apiv2][status] GET https://firebaserules.googleapis.com/v1/projects/universitycms-2350d/releases 200
[debug] [2024-11-24T13:49:01.654Z] <<< [apiv2][body] GET https://firebaserules.googleapis.com/v1/projects/universitycms-2350d/releases {"releases":[{"name":"projects/universitycms-2350d/releases/cloud.firestore","rulesetName":"projects/universitycms-2350d/rulesets/70291841-3946-48c6-9116-0d8be16df107","createTime":"2024-11-24T05:06:34.579981Z","updateTime":"2024-11-24T05:06:34.579981Z"}]}
[debug] [2024-11-24T13:49:01.654Z] Found ruleset: projects/universitycms-2350d/rulesets/70291841-3946-48c6-9116-0d8be16df107
[debug] [2024-11-24T13:49:01.654Z] Checked if tokens are valid: true, expires at: 1732459545037
[debug] [2024-11-24T13:49:01.654Z] Checked if tokens are valid: true, expires at: 1732459545037
[debug] [2024-11-24T13:49:01.655Z] >>> [apiv2][query] GET https://firebaserules.googleapis.com/v1/projects/universitycms-2350d/rulesets/70291841-3946-48c6-9116-0d8be16df107 [none]
[debug] [2024-11-24T13:49:02.681Z] <<< [apiv2][status] GET https://firebaserules.googleapis.com/v1/projects/universitycms-2350d/rulesets/70291841-3946-48c6-9116-0d8be16df107 200
[debug] [2024-11-24T13:49:02.681Z] <<< [apiv2][body] GET https://firebaserules.googleapis.com/v1/projects/universitycms-2350d/rulesets/70291841-3946-48c6-9116-0d8be16df107 [omitted]
[info] 
[info] Firestore indexes allow you to perform complex queries while
[info] maintaining performance that scales with the size of the result
[info] set. You can keep index definitions in your project directory
[info] and publish them with firebase deploy.
[info] 
[debug] [2024-11-24T13:50:20.389Z] Checked if tokens are valid: true, expires at: 1732459545037
[debug] [2024-11-24T13:50:20.389Z] Checked if tokens are valid: true, expires at: 1732459545037
[debug] [2024-11-24T13:50:20.389Z] Checked if tokens are valid: true, expires at: 1732459545037
[debug] [2024-11-24T13:50:20.389Z] Checked if tokens are valid: true, expires at: 1732459545037
[debug] [2024-11-24T13:50:20.389Z] >>> [apiv2][query] GET https://firestore.googleapis.com/v1/projects/universitycms-2350d/databases/(default)/collectionGroups/-/indexes [none]
[debug] [2024-11-24T13:50:20.391Z] >>> [apiv2][query] GET https://firestore.googleapis.com/v1/projects/universitycms-2350d/databases/(default)/collectionGroups/-/fields?filter=indexConfig.usesAncestorConfig=false OR ttlConfig:* [none]
[debug] [2024-11-24T13:50:20.692Z] <<< [apiv2][status] GET https://firestore.googleapis.com/v1/projects/universitycms-2350d/databases/(default)/collectionGroups/-/fields?filter=indexConfig.usesAncestorConfig=false OR ttlConfig:* 200
[debug] [2024-11-24T13:50:20.692Z] <<< [apiv2][body] GET https://firestore.googleapis.com/v1/projects/universitycms-2350d/databases/(default)/collectionGroups/-/fields?filter=indexConfig.usesAncestorConfig=false OR ttlConfig:* {"fields":[{"name":"projects/universitycms-2350d/databases/(default)/collectionGroups/__default__/fields/*","indexConfig":{"indexes":[{"queryScope":"COLLECTION","fields":[{"fieldPath":"*","order":"ASCENDING"}],"state":"READY"},{"queryScope":"COLLECTION","fields":[{"fieldPath":"*","order":"DESCENDING"}],"state":"READY"},{"queryScope":"COLLECTION","fields":[{"fieldPath":"*","arrayConfig":"CONTAINS"}],"state":"READY"}]}}]}
[debug] [2024-11-24T13:50:20.705Z] <<< [apiv2][status] GET https://firestore.googleapis.com/v1/projects/universitycms-2350d/databases/(default)/collectionGroups/-/indexes 200
[debug] [2024-11-24T13:50:20.705Z] <<< [apiv2][body] GET https://firestore.googleapis.com/v1/projects/universitycms-2350d/databases/(default)/collectionGroups/-/indexes {}
[info] 
=== Functions Setup
[debug] [2024-11-24T13:50:20.707Z] > command requires scopes: ["email","openid","https://www.googleapis.com/auth/cloudplatformprojects.readonly","https://www.googleapis.com/auth/firebase","https://www.googleapis.com/auth/cloud-platform"]
[debug] [2024-11-24T13:50:20.707Z] > authorizing via signed-in user (universitywideminus@gmail.com)
[debug] [2024-11-24T13:50:20.707Z] [iam] checking project universitycms-2350d for permissions ["firebase.projects.get"]
[debug] [2024-11-24T13:50:20.707Z] Checked if tokens are valid: true, expires at: 1732459545037
[debug] [2024-11-24T13:50:20.707Z] Checked if tokens are valid: true, expires at: 1732459545037
[debug] [2024-11-24T13:50:20.708Z] >>> [apiv2][query] POST https://cloudresourcemanager.googleapis.com/v1/projects/universitycms-2350d:testIamPermissions [none]
[debug] [2024-11-24T13:50:20.708Z] >>> [apiv2][(partial)header] POST https://cloudresourcemanager.googleapis.com/v1/projects/universitycms-2350d:testIamPermissions x-goog-quota-user=projects/universitycms-2350d
[debug] [2024-11-24T13:50:20.708Z] >>> [apiv2][body] POST https://cloudresourcemanager.googleapis.com/v1/projects/universitycms-2350d:testIamPermissions {"permissions":["firebase.projects.get"]}
[debug] [2024-11-24T13:50:21.608Z] <<< [apiv2][status] POST https://cloudresourcemanager.googleapis.com/v1/projects/universitycms-2350d:testIamPermissions 200
[debug] [2024-11-24T13:50:21.608Z] <<< [apiv2][body] POST https://cloudresourcemanager.googleapis.com/v1/projects/universitycms-2350d:testIamPermissions {"permissions":["firebase.projects.get"]}
[debug] [2024-11-24T13:50:21.608Z] Checked if tokens are valid: true, expires at: 1732459545037
[debug] [2024-11-24T13:50:21.609Z] Checked if tokens are valid: true, expires at: 1732459545037
[debug] [2024-11-24T13:50:21.609Z] Checked if tokens are valid: true, expires at: 1732459545037
[debug] [2024-11-24T13:50:21.609Z] Checked if tokens are valid: true, expires at: 1732459545037
[debug] [2024-11-24T13:50:21.609Z] >>> [apiv2][query] GET https://serviceusage.googleapis.com/v1/projects/universitycms-2350d/services/cloudfunctions.googleapis.com [none]
[debug] [2024-11-24T13:50:21.609Z] >>> [apiv2][(partial)header] GET https://serviceusage.googleapis.com/v1/projects/universitycms-2350d/services/cloudfunctions.googleapis.com x-goog-quota-user=projects/universitycms-2350d
[debug] [2024-11-24T13:50:21.611Z] >>> [apiv2][query] GET https://serviceusage.googleapis.com/v1/projects/universitycms-2350d/services/runtimeconfig.googleapis.com [none]
[debug] [2024-11-24T13:50:21.611Z] >>> [apiv2][(partial)header] GET https://serviceusage.googleapis.com/v1/projects/universitycms-2350d/services/runtimeconfig.googleapis.com x-goog-quota-user=projects/universitycms-2350d
[debug] [2024-11-24T13:50:22.800Z] <<< [apiv2][status] GET https://serviceusage.googleapis.com/v1/projects/universitycms-2350d/services/runtimeconfig.googleapis.com 200
[debug] [2024-11-24T13:50:22.800Z] <<< [apiv2][body] GET https://serviceusage.googleapis.com/v1/projects/universitycms-2350d/services/runtimeconfig.googleapis.com [omitted]
[debug] [2024-11-24T13:50:22.810Z] <<< [apiv2][status] GET https://serviceusage.googleapis.com/v1/projects/universitycms-2350d/services/cloudfunctions.googleapis.com 200
[debug] [2024-11-24T13:50:22.810Z] <<< [apiv2][body] GET https://serviceusage.googleapis.com/v1/projects/universitycms-2350d/services/cloudfunctions.googleapis.com [omitted]
[debug] [2024-11-24T13:50:22.811Z] Checked if tokens are valid: true, expires at: 1732459545037
[debug] [2024-11-24T13:50:22.811Z] Checked if tokens are valid: true, expires at: 1732459545037
[debug] [2024-11-24T13:50:22.811Z] >>> [apiv2][query] POST https://serviceusage.googleapis.com/v1/projects/universitycms-2350d/services/cloudfunctions.googleapis.com:enable [none]
[debug] [2024-11-24T13:50:22.811Z] >>> [apiv2][(partial)header] POST https://serviceusage.googleapis.com/v1/projects/universitycms-2350d/services/cloudfunctions.googleapis.com:enable x-goog-quota-user=projects/universitycms-2350d
[debug] [2024-11-24T13:50:23.232Z] <<< [apiv2][status] POST https://serviceusage.googleapis.com/v1/projects/universitycms-2350d/services/cloudfunctions.googleapis.com:enable 200
[debug] [2024-11-24T13:50:23.233Z] <<< [apiv2][body] POST https://serviceusage.googleapis.com/v1/projects/universitycms-2350d/services/cloudfunctions.googleapis.com:enable [omitted]
[debug] [2024-11-24T13:50:33.241Z] Checked if tokens are valid: true, expires at: 1732459545037
[debug] [2024-11-24T13:50:33.241Z] Checked if tokens are valid: true, expires at: 1732459545037
[debug] [2024-11-24T13:50:33.241Z] >>> [apiv2][query] GET https://serviceusage.googleapis.com/v1/projects/universitycms-2350d/services/cloudfunctions.googleapis.com [none]
[debug] [2024-11-24T13:50:33.241Z] >>> [apiv2][(partial)header] GET https://serviceusage.googleapis.com/v1/projects/universitycms-2350d/services/cloudfunctions.googleapis.com x-goog-quota-user=projects/universitycms-2350d
[debug] [2024-11-24T13:50:34.492Z] <<< [apiv2][status] GET https://serviceusage.googleapis.com/v1/projects/universitycms-2350d/services/cloudfunctions.googleapis.com 200
[debug] [2024-11-24T13:50:34.492Z] <<< [apiv2][body] GET https://serviceusage.googleapis.com/v1/projects/universitycms-2350d/services/cloudfunctions.googleapis.com [omitted]
[info] Let's create a new codebase for your functions.
[info] A directory corresponding to the codebase will be created in your project
[info] with sample code pre-configured.

[info] See https://firebase.google.com/docs/functions/organize-functions for
[info] more information on organizing your functions using codebases.

[info] Functions can be deployed with firebase deploy.

[info] +  Wrote functions/package.json 
[info] +  Wrote functions/.eslintrc.js 
[info] +  Wrote functions/index.js 
[info] +  Wrote functions/.gitignore 
[info] 
=== Hosting Setup
[debug] [2024-11-24T13:51:30.787Z] Checked if tokens are valid: true, expires at: 1732459545037
[debug] [2024-11-24T13:51:30.787Z] Checked if tokens are valid: true, expires at: 1732459545037
[debug] [2024-11-24T13:51:30.788Z] >>> [apiv2][query] GET https://firebase.googleapis.com/v1beta1/projects/universitycms-2350d [none]
[debug] [2024-11-24T13:51:31.088Z] <<< [apiv2][status] GET https://firebase.googleapis.com/v1beta1/projects/universitycms-2350d 200
[debug] [2024-11-24T13:51:31.088Z] <<< [apiv2][body] GET https://firebase.googleapis.com/v1beta1/projects/universitycms-2350d {"projectId":"universitycms-2350d","projectNumber":"628918629845","displayName":"UniversityCMS","name":"projects/universitycms-2350d","resources":{"hostingSite":"universitycms-2350d","realtimeDatabaseInstance":"universitycms-2350d-default-rtdb"},"state":"ACTIVE","etag":"1_09064f0b-5118-41cf-a75c-fd973c76a1f3"}
[info] 
[info] Your public directory is the folder (relative to your project directory) that
[info] will contain Hosting assets to be uploaded with firebase deploy. If you
[info] have a build process for your assets, use your build's output directory.
[info] 
[debug] [2024-11-24T13:52:52.068Z] >>> [apiv2][query] GET https://www.gstatic.com/firebasejs/releases.json [none]
[debug] [2024-11-24T13:52:52.168Z] <<< [apiv2][status] GET https://www.gstatic.com/firebasejs/releases.json 200
[debug] [2024-11-24T13:52:52.168Z] <<< [apiv2][body] GET https://www.gstatic.com/firebasejs/releases.json {"current":{"version":"11.0.2","browserURL":"https://www.gstatic.com/firebasejs/11.0.2/firebase.js","packageURL":"https://www.gstatic.com/firebasejs/11.0.2/firebase.tgz"},"live":{"version":"11.0","browserURL":"https://www.gstatic.com/firebasejs/live/11.0/firebase.js","packageURL":"https://www.gstatic.com/firebasejs/live/11.0/firebase.tgz"},"components":{"analytics":"https://www.gstatic.com/firebasejs/11.0.2/firebase-analytics.js","app":"https://www.gstatic.com/firebasejs/11.0.2/firebase-app.js","app-check":"https://www.gstatic.com/firebasejs/11.0.2/firebase-app-check.js","auth":"https://www.gstatic.com/firebasejs/11.0.2/firebase-auth.js","auth/cordova":"https://www.gstatic.com/firebasejs/11.0.2/firebase-auth/cordova.js","auth/web-extension":"https://www.gstatic.com/firebasejs/11.0.2/firebase-auth/web-extension.js","functions":"https://www.gstatic.com/firebasejs/11.0.2/firebase-functions.js","firestore":"https://www.gstatic.com/firebasejs/11.0.2/firebase-firestore.js","firestore/lite":"https://www.gstatic.com/firebasejs/11.0.2/firebase-firestore/lite.js","installations":"https://www.gstatic.com/firebasejs/11.0.2/firebase-installations.js","storage":"https://www.gstatic.com/firebasejs/11.0.2/firebase-storage.js","performance":"https://www.gstatic.com/firebasejs/11.0.2/firebase-performance.js","remote-config":"https://www.gstatic.com/firebasejs/11.0.2/firebase-remote-config.js","messaging":"https://www.gstatic.com/firebasejs/11.0.2/firebase-messaging.js","messaging/sw":"https://www.gstatic.com/firebasejs/11.0.2/firebase-messaging/sw.js","database":"https://www.gstatic.com/firebasejs/11.0.2/firebase-database.js","vertexai":"https://www.gstatic.com/firebasejs/11.0.2/firebase-vertexai.js","data-connect":"https://www.gstatic.com/firebasejs/11.0.2/firebase-data-connect.js","firestore.memory":"https://www.gstatic.com/firebasejs/11.0.2/firebase-firestore.memory.js"}}
[info] +  Wrote public/index.html 
[info] 
[info] i  Detected a .git folder at C:\Users\ACER\Documents\GitHub\University_wide_CMS 
[info] i  Authorizing with GitHub to upload your service account to a GitHub repository's secrets store. 
[info] 
[info] Visit this URL on this device to log in:
[info] https://github.com/login/oauth/authorize?client_id=89cf50f02ac6aaed3484&state=54150951&redirect_uri=http%3A%2F%2Flocalhost%3A9005&scope=read%3Auser%20repo%20public_repo
[info] 
[info] Waiting for authentication...
[debug] [2024-11-24T13:55:18.406Z] >>> [apiv2][query] POST https://github.com/login/oauth/access_token [none]
[debug] [2024-11-24T13:55:18.406Z] >>> [apiv2][body] POST https://github.com/login/oauth/access_token [stream]
[debug] [2024-11-24T13:55:18.855Z] <<< [apiv2][status] POST https://github.com/login/oauth/access_token 200
[debug] [2024-11-24T13:55:18.855Z] <<< [apiv2][body] POST https://github.com/login/oauth/access_token {"access_token":"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","token_type":"bearer","scope":"read:user,repo"}
[debug] [2024-11-24T13:55:18.858Z] >>> [apiv2][query] GET https://api.github.com/user [none]
[debug] [2024-11-24T13:55:19.398Z] <<< [apiv2][status] GET https://api.github.com/user 200
[debug] [2024-11-24T13:55:19.399Z] <<< [apiv2][body] GET https://api.github.com/user {"login":"printl-Daniel","id":118431054,"node_id":"U_kgDOBw8dTg","avatar_url":"https://avatars.githubusercontent.com/u/118431054?v=4","gravatar_id":"","url":"https://api.github.com/users/printl-Daniel","html_url":"https://github.com/printl-Daniel","followers_url":"https://api.github.com/users/printl-Daniel/followers","following_url":"https://api.github.com/users/printl-Daniel/following{/other_user}","gists_url":"https://api.github.com/users/printl-Daniel/gists{/gist_id}","starred_url":"https://api.github.com/users/printl-Daniel/starred{/owner}{/repo}","subscriptions_url":"https://api.github.com/users/printl-Daniel/subscriptions","organizations_url":"https://api.github.com/users/printl-Daniel/orgs","repos_url":"https://api.github.com/users/printl-Daniel/repos","events_url":"https://api.github.com/users/printl-Daniel/events{/privacy}","received_events_url":"https://api.github.com/users/printl-Daniel/received_events","type":"User","user_view_type":"private","site_admin":false,"name":"John Daniel Cruz","company":null,"blog":"","location":null,"email":null,"hireable":null,"bio":null,"twitter_username":null,"notification_email":null,"public_repos":8,"public_gists":0,"followers":0,"following":0,"created_at":"2022-11-17T08:17:17Z","updated_at":"2024-11-05T14:14:17Z","private_gists":0,"total_private_repos":11,"owned_private_repos":11,"disk_usage":152461,"collaborators":5,"two_factor_authentication":false,"plan":{"name":"free","space":976562499,"collaborators":0,"private_repos":10000}}
[info] 
[info] +  Success! Logged into GitHub as printl-Daniel 
[info] 
[debug] [2024-11-24T13:55:47.265Z] >>> [apiv2][query] GET https://api.github.com/repos/cms/actions/secrets/public-key type=owner
[debug] [2024-11-24T13:55:47.677Z] <<< [apiv2][status] GET https://api.github.com/repos/cms/actions/secrets/public-key 404
[debug] [2024-11-24T13:55:47.678Z] <<< [apiv2][body] GET https://api.github.com/repos/cms/actions/secrets/public-key {"message":"Not Found","documentation_url":"https://docs.github.com/rest","status":"404"}
[info] 
[info] 
[error] !  The provided authorization cannot be used with this repository. If this repository is in an organization, did you remember to grant access? 
[info] 
[info] i  Action required: Visit this URL to ensure access has been granted to the appropriate organization(s) for the Firebase CLI GitHub OAuth App: 
[info] https://github.com/settings/connections/applications/89cf50f02ac6aaed3484
[info] 
